android/app/build/intermediates/manifest_merge_blame_file/debug/manifest-merger-blame-debug-report.txt
1<?xml version="1.0" encoding="utf-8"?>
2<manifest xmlns:android="http://schemas.android.com/apk/res/android"
3    package="com.donewithit"
4    android:versionCode="1"
5    android:versionName="1.0" >
6
7    <uses-sdk
8        android:minSdkVersion="21"
9        android:targetSdkVersion="30" />
10
11    <uses-permission android:name="android.permission.SYSTEM_ALERT_WINDOW" />
11-->src\debug\AndroidManifest.xml:5:5-77
11-->src\debug\AndroidManifest.xml:5:22-75
12    <uses-permission android:name="android.permission.INTERNET" />
12-->src\main\AndroidManifest.xml:4:5-67
12-->src\main\AndroidManifest.xml:4:22-64
13    <uses-permission android:name="android.permission.ACCESS_WIFI_STATE" />
13-->[com.facebook.flipper:flipper:0.99.0] AndroidManifest.xml:16:5-76
13-->[com.facebook.flipper:flipper:0.99.0] AndroidManifest.xml:16:22-73
14    <uses-permission android:name="android.permission.WAKE_LOCK" />
14-->[:react-native-firebase_auth] AndroidManifest.xml:10:5-68
14-->[:react-native-firebase_auth] AndroidManifest.xml:10:22-65
15    <uses-permission android:name="android.permission.ACCESS_NETWORK_STATE" />
15-->[:react-native-firebase_auth] AndroidManifest.xml:11:5-79
15-->[:react-native-firebase_auth] AndroidManifest.xml:11:22-76
16
17    <application
17-->src\main\AndroidManifest.xml:6:5-24:19
18        android:name="com.donewithit.MainApplication"
18-->src\main\AndroidManifest.xml:7:7-38
19        android:allowBackup="false"
19-->src\main\AndroidManifest.xml:11:7-34
20        android:appComponentFactory="androidx.core.app.CoreComponentFactory"
20-->[androidx.core:core:1.5.0] AndroidManifest.xml:24:18-86
21        android:debuggable="true"
22        android:icon="@mipmap/ic_launcher"
22-->src\main\AndroidManifest.xml:9:7-41
23        android:label="@string/app_name"
23-->src\main\AndroidManifest.xml:8:7-39
24        android:roundIcon="@mipmap/ic_launcher_round"
24-->src\main\AndroidManifest.xml:10:7-52
25        android:theme="@style/AppTheme"
25-->src\main\AndroidManifest.xml:12:7-38
26        android:usesCleartextTraffic="true" >
26-->src\debug\AndroidManifest.xml:8:9-44
27        <activity android:name="com.facebook.react.devsupport.DevSettingsActivity" />
27-->src\debug\AndroidManifest.xml:11:9-86
27-->src\debug\AndroidManifest.xml:11:19-83
28        <activity
28-->src\main\AndroidManifest.xml:13:7-23:18
29            android:name="com.donewithit.MainActivity"
29-->src\main\AndroidManifest.xml:14:9-37
30            android:configChanges="keyboard|keyboardHidden|orientation|screenSize|uiMode"
30-->src\main\AndroidManifest.xml:16:9-86
31            android:label="@string/app_name"
31-->src\main\AndroidManifest.xml:15:9-41
32            android:launchMode="singleTask"
32-->src\main\AndroidManifest.xml:17:9-40
33            android:windowSoftInputMode="adjustResize" >
33-->src\main\AndroidManifest.xml:18:9-51
34            <intent-filter>
34-->src\main\AndroidManifest.xml:19:9-22:25
35                <action android:name="android.intent.action.MAIN" />
35-->src\main\AndroidManifest.xml:20:13-65
35-->src\main\AndroidManifest.xml:20:21-62
36
37                <category android:name="android.intent.category.LAUNCHER" />
37-->src\main\AndroidManifest.xml:21:13-73
37-->src\main\AndroidManifest.xml:21:23-70
38            </intent-filter>
39        </activity>
40
41        <meta-data
41-->[:react-native-firebase_app] AndroidManifest.xml:10:9-12:36
42            android:name="app_data_collection_default_enabled"
42-->[:react-native-firebase_app] AndroidManifest.xml:11:13-63
43            android:value="true" />
43-->[:react-native-firebase_app] AndroidManifest.xml:12:13-33
44
45        <service
45-->[:react-native-firebase_app] AndroidManifest.xml:14:9-18:19
46            android:name="com.google.firebase.components.ComponentDiscoveryService"
46-->[:react-native-firebase_app] AndroidManifest.xml:14:18-89
47            android:directBootAware="true"
47-->[com.google.firebase:firebase-common:20.0.0] AndroidManifest.xml:35:13-43
48            android:exported="false" >
48-->[com.google.firebase:firebase-auth:21.0.1] AndroidManifest.xml:76:13-37
49            <meta-data
49-->[:react-native-firebase_app] AndroidManifest.xml:15:13-17:85
50                android:name="com.google.firebase.components:io.invertase.firebase.app.ReactNativeFirebaseAppRegistrar"
50-->[:react-native-firebase_app] AndroidManifest.xml:16:17-120
51                android:value="com.google.firebase.components.ComponentRegistrar" />
51-->[:react-native-firebase_app] AndroidManifest.xml:17:17-82
52            <meta-data
52-->[com.google.firebase:firebase-auth:21.0.1] AndroidManifest.xml:77:13-79:85
53                android:name="com.google.firebase.components:com.google.firebase.auth.FirebaseAuthRegistrar"
53-->[com.google.firebase:firebase-auth:21.0.1] AndroidManifest.xml:78:17-109
54                android:value="com.google.firebase.components.ComponentRegistrar" />
54-->[com.google.firebase:firebase-auth:21.0.1] AndroidManifest.xml:79:17-82
55        </service>
56
57        <provider
57-->[:react-native-firebase_app] AndroidManifest.xml:20:9-24:38
58            android:name="io.invertase.firebase.app.ReactNativeFirebaseAppInitProvider"
58-->[:react-native-firebase_app] AndroidManifest.xml:21:13-88
59            android:authorities="com.donewithit.reactnativefirebaseappinitprovider"
59-->[:react-native-firebase_app] AndroidManifest.xml:22:13-86
60            android:exported="false"
60-->[:react-native-firebase_app] AndroidManifest.xml:23:13-37
61            android:initOrder="99" />
61-->[:react-native-firebase_app] AndroidManifest.xml:24:13-35
62
63        <activity
63-->[com.google.firebase:firebase-auth:21.0.1] AndroidManifest.xml:27:9-44:20
64            android:name="com.google.firebase.auth.internal.GenericIdpActivity"
64-->[com.google.firebase:firebase-auth:21.0.1] AndroidManifest.xml:28:13-80
65            android:excludeFromRecents="true"
65-->[com.google.firebase:firebase-auth:21.0.1] AndroidManifest.xml:29:13-46
66            android:exported="true"
66-->[com.google.firebase:firebase-auth:21.0.1] AndroidManifest.xml:30:13-36
67            android:launchMode="singleTask"
67-->[com.google.firebase:firebase-auth:21.0.1] AndroidManifest.xml:31:13-44
68            android:theme="@android:style/Theme.Translucent.NoTitleBar" >
68-->[com.google.firebase:firebase-auth:21.0.1] AndroidManifest.xml:32:13-72
69            <intent-filter>
69-->[com.google.firebase:firebase-auth:21.0.1] AndroidManifest.xml:33:13-43:29
70                <action android:name="android.intent.action.VIEW" />
70-->[com.google.firebase:firebase-auth:21.0.1] AndroidManifest.xml:34:17-69
70-->[com.google.firebase:firebase-auth:21.0.1] AndroidManifest.xml:34:25-66
71
72                <category android:name="android.intent.category.DEFAULT" />
72-->[com.google.firebase:firebase-auth:21.0.1] AndroidManifest.xml:36:17-76
72-->[com.google.firebase:firebase-auth:21.0.1] AndroidManifest.xml:36:27-73
73                <category android:name="android.intent.category.BROWSABLE" />
73-->[com.google.firebase:firebase-auth:21.0.1] AndroidManifest.xml:37:17-78
73-->[com.google.firebase:firebase-auth:21.0.1] AndroidManifest.xml:37:27-75
74
75                <data
75-->[com.google.firebase:firebase-auth:21.0.1] AndroidManifest.xml:39:17-42:51
76                    android:host="firebase.auth"
76-->[com.google.firebase:firebase-auth:21.0.1] AndroidManifest.xml:40:21-49
77                    android:path="/"
77-->[com.google.firebase:firebase-auth:21.0.1] AndroidManifest.xml:41:21-37
78                    android:scheme="genericidp" />
78-->[com.google.firebase:firebase-auth:21.0.1] AndroidManifest.xml:42:21-48
79            </intent-filter>
80        </activity>
81        <activity
81-->[com.google.firebase:firebase-auth:21.0.1] AndroidManifest.xml:45:9-62:20
82            android:name="com.google.firebase.auth.internal.RecaptchaActivity"
82-->[com.google.firebase:firebase-auth:21.0.1] AndroidManifest.xml:46:13-79
83            android:excludeFromRecents="true"
83-->[com.google.firebase:firebase-auth:21.0.1] AndroidManifest.xml:47:13-46
84            android:exported="true"
84-->[com.google.firebase:firebase-auth:21.0.1] AndroidManifest.xml:48:13-36
85            android:launchMode="singleTask"
85-->[com.google.firebase:firebase-auth:21.0.1] AndroidManifest.xml:49:13-44
86            android:theme="@android:style/Theme.Translucent.NoTitleBar" >
86-->[com.google.firebase:firebase-auth:21.0.1] AndroidManifest.xml:50:13-72
87            <intent-filter>
87-->[com.google.firebase:firebase-auth:21.0.1] AndroidManifest.xml:51:13-61:29
88                <action android:name="android.intent.action.VIEW" />
88-->[com.google.firebase:firebase-auth:21.0.1] AndroidManifest.xml:34:17-69
88-->[com.google.firebase:firebase-auth:21.0.1] AndroidManifest.xml:34:25-66
89
90                <category android:name="android.intent.category.DEFAULT" />
90-->[com.google.firebase:firebase-auth:21.0.1] AndroidManifest.xml:36:17-76
90-->[com.google.firebase:firebase-auth:21.0.1] AndroidManifest.xml:36:27-73
91                <category android:name="android.intent.category.BROWSABLE" />
91-->[com.google.firebase:firebase-auth:21.0.1] AndroidManifest.xml:37:17-78
91-->[com.google.firebase:firebase-auth:21.0.1] AndroidManifest.xml:37:27-75
92
93                <data
93-->[com.google.firebase:firebase-auth:21.0.1] AndroidManifest.xml:39:17-42:51
94                    android:host="firebase.auth"
94-->[com.google.firebase:firebase-auth:21.0.1] AndroidManifest.xml:40:21-49
95                    android:path="/"
95-->[com.google.firebase:firebase-auth:21.0.1] AndroidManifest.xml:41:21-37
96                    android:scheme="recaptcha" />
96-->[com.google.firebase:firebase-auth:21.0.1] AndroidManifest.xml:42:21-48
97            </intent-filter>
98        </activity>
99
100        <service
100-->[com.google.firebase:firebase-auth:21.0.1] AndroidManifest.xml:64:9-73:19
101            android:name="com.google.firebase.auth.api.fallback.service.FirebaseAuthFallbackService"
101-->[com.google.firebase:firebase-auth:21.0.1] AndroidManifest.xml:65:13-101
102            android:enabled="true"
102-->[com.google.firebase:firebase-auth:21.0.1] AndroidManifest.xml:66:13-35
103            android:exported="false" >
103-->[com.google.firebase:firebase-auth:21.0.1] AndroidManifest.xml:67:13-37
104            <intent-filter>
104-->[com.google.firebase:firebase-auth:21.0.1] AndroidManifest.xml:68:13-72:29
105                <action android:name="com.google.firebase.auth.api.gms.service.START" />
105-->[com.google.firebase:firebase-auth:21.0.1] AndroidManifest.xml:69:17-89
105-->[com.google.firebase:firebase-auth:21.0.1] AndroidManifest.xml:69:25-86
106
107                <category android:name="android.intent.category.DEFAULT" />
107-->[com.google.firebase:firebase-auth:21.0.1] AndroidManifest.xml:36:17-76
107-->[com.google.firebase:firebase-auth:21.0.1] AndroidManifest.xml:36:27-73
108            </intent-filter>
109        </service>
110
111        <provider
111-->[com.google.firebase:firebase-common:20.0.0] AndroidManifest.xml:26:9-31:39
112            android:name="com.google.firebase.provider.FirebaseInitProvider"
112-->[com.google.firebase:firebase-common:20.0.0] AndroidManifest.xml:27:13-77
113            android:authorities="com.donewithit.firebaseinitprovider"
113-->[com.google.firebase:firebase-common:20.0.0] AndroidManifest.xml:28:13-72
114            android:directBootAware="true"
114-->[com.google.firebase:firebase-common:20.0.0] AndroidManifest.xml:29:13-43
115            android:exported="false"
115-->[com.google.firebase:firebase-common:20.0.0] AndroidManifest.xml:30:13-37
116            android:initOrder="100" />
116-->[com.google.firebase:firebase-common:20.0.0] AndroidManifest.xml:31:13-36
117
118        <activity
118-->[com.google.android.gms:play-services-auth:20.0.0] AndroidManifest.xml:23:9-27:75
119            android:name="com.google.android.gms.auth.api.signin.internal.SignInHubActivity"
119-->[com.google.android.gms:play-services-auth:20.0.0] AndroidManifest.xml:24:13-93
120            android:excludeFromRecents="true"
120-->[com.google.android.gms:play-services-auth:20.0.0] AndroidManifest.xml:25:13-46
121            android:exported="false"
121-->[com.google.android.gms:play-services-auth:20.0.0] AndroidManifest.xml:26:13-37
122            android:theme="@android:style/Theme.Translucent.NoTitleBar" />
122-->[com.google.android.gms:play-services-auth:20.0.0] AndroidManifest.xml:27:13-72
123        <!--
124            Service handling Google Sign-In user revocation. For apps that do not integrate with
125            Google Sign-In, this service will never be started.
126        -->
127        <service
127-->[com.google.android.gms:play-services-auth:20.0.0] AndroidManifest.xml:33:9-37:51
128            android:name="com.google.android.gms.auth.api.signin.RevocationBoundService"
128-->[com.google.android.gms:play-services-auth:20.0.0] AndroidManifest.xml:34:13-89
129            android:exported="true"
129-->[com.google.android.gms:play-services-auth:20.0.0] AndroidManifest.xml:35:13-36
130            android:permission="com.google.android.gms.auth.api.signin.permission.REVOCATION_NOTIFICATION"
130-->[com.google.android.gms:play-services-auth:20.0.0] AndroidManifest.xml:36:13-107
131            android:visibleToInstantApps="true" />
131-->[com.google.android.gms:play-services-auth:20.0.0] AndroidManifest.xml:37:13-48
132
133        <activity
133-->[com.google.android.gms:play-services-base:18.0.0] AndroidManifest.xml:20:9-22:45
134            android:name="com.google.android.gms.common.api.GoogleApiActivity"
134-->[com.google.android.gms:play-services-base:18.0.0] AndroidManifest.xml:20:19-85
135            android:exported="false"
135-->[com.google.android.gms:play-services-base:18.0.0] AndroidManifest.xml:22:19-43
136            android:theme="@android:style/Theme.Translucent.NoTitleBar" />
136-->[com.google.android.gms:play-services-base:18.0.0] AndroidManifest.xml:21:19-78
137
138        <meta-data
138-->[com.google.android.gms:play-services-basement:18.0.0] AndroidManifest.xml:21:9-23:69
139            android:name="com.google.android.gms.version"
139-->[com.google.android.gms:play-services-basement:18.0.0] AndroidManifest.xml:22:13-58
140            android:value="@integer/google_play_services_version" />
140-->[com.google.android.gms:play-services-basement:18.0.0] AndroidManifest.xml:23:13-66
141    </application>
142
143</manifest>